[INFO  - 2019-02-18T17:21:36.035Z] GhostDriver - Main - running on port 49564
[INFO  - 2019-02-18T17:21:36.540Z] Session [a52b4b60-33a1-11e9-8a83-4d6479169f2b] - page.settings - {"XSSAuditingEnabled":false,"javascriptCanCloseWindows":true,"javascriptCanOpenWindows":true,"javascriptEnabled":true,"loadImages":true,"localToRemoteUrlAccessEnabled":false,"userAgent":"Mozilla/5.0 (Macintosh; Intel Mac OS X) AppleWebKit/538.1 (KHTML, like Gecko) PhantomJS/2.1.1 Safari/538.1","webSecurityEnabled":true}
[INFO  - 2019-02-18T17:21:36.540Z] Session [a52b4b60-33a1-11e9-8a83-4d6479169f2b] - page.customHeaders:  - {}
[INFO  - 2019-02-18T17:21:36.540Z] Session [a52b4b60-33a1-11e9-8a83-4d6479169f2b] - Session.negotiatedCapabilities - {"browserName":"phantomjs","version":"2.1.1","driverName":"ghostdriver","driverVersion":"1.2.0","platform":"mac-unknown-64bit","javascriptEnabled":true,"takesScreenshot":true,"handlesAlerts":false,"databaseEnabled":false,"locationContextEnabled":false,"applicationCacheEnabled":false,"browserConnectionEnabled":false,"cssSelectorsEnabled":true,"webStorageEnabled":false,"rotatable":false,"acceptSslCerts":false,"nativeEvents":true,"proxy":{"proxyType":"direct"}}
[INFO  - 2019-02-18T17:21:36.540Z] SessionManagerReqHand - _postNewSessionCommand - New Session Created: a52b4b60-33a1-11e9-8a83-4d6479169f2b
[ERROR - 2019-02-18T17:21:36.557Z] RouterReqHand - _handle.error - {"name":"Missing Command Parameter","message":"{\"headers\":{\"Accept\":\"application/json\",\"Accept-Encoding\":\"identity\",\"Content-Length\":\"72\",\"Content-Type\":\"application/json;charset=UTF-8\",\"Host\":\"127.0.0.1:49564\",\"User-Agent\":\"selenium/3.141.0 (python mac)\"},\"httpVersion\":\"1.1\",\"method\":\"POST\",\"post\":\"{\\\"pageLoad\\\": 30000, \\\"sessionId\\\": \\\"a52b4b60-33a1-11e9-8a83-4d6479169f2b\\\"}\",\"url\":\"/timeouts\",\"urlParsed\":{\"anchor\":\"\",\"query\":\"\",\"file\":\"timeouts\",\"directory\":\"/\",\"path\":\"/timeouts\",\"relative\":\"/timeouts\",\"port\":\"\",\"host\":\"\",\"password\":\"\",\"user\":\"\",\"userInfo\":\"\",\"authority\":\"\",\"protocol\":\"\",\"source\":\"/timeouts\",\"queryKey\":{},\"chunks\":[\"timeouts\"]},\"urlOriginal\":\"/session/a52b4b60-33a1-11e9-8a83-4d6479169f2b/timeouts\"}","line":546,"sourceURL":"phantomjs://code/session_request_handler.js","stack":"_postTimeout@phantomjs://code/session_request_handler.js:546:73\n_handle@phantomjs://code/session_request_handler.js:148:25\n_reroute@phantomjs://code/request_handler.js:61:20\n_handle@phantomjs://code/router_request_handler.js:78:46"}

  phantomjs://platform/console++.js:263 in error
[ERROR - 2019-02-18T17:22:06.850Z] Session [a52b4b60-33a1-11e9-8a83-4d6479169f2b] - page.onError - msg: ReferenceError: Can't find variable: Promise

  phantomjs://platform/console++.js:263 in error
[ERROR - 2019-02-18T17:22:06.850Z] Session [a52b4b60-33a1-11e9-8a83-4d6479169f2b] - page.onError - stack:
  e (https://cdn.moengage.com/webpush/moe_webSdk.min.latest.js:5)
  (anonymous function) (https://cdn.moengage.com/webpush/moe_webSdk.min.latest.js:5)
  (anonymous function) (https://cdn.moengage.com/webpush/moe_webSdk.min.latest.js:5)
  t (https://cdn.moengage.com/webpush/moe_webSdk.min.latest.js:5)
  (anonymous function) (https://cdn.moengage.com/webpush/moe_webSdk.min.latest.js:5)
  t (https://cdn.moengage.com/webpush/moe_webSdk.min.latest.js:5)
  (anonymous function) (https://cdn.moengage.com/webpush/moe_webSdk.min.latest.js:5)
  t (https://cdn.moengage.com/webpush/moe_webSdk.min.latest.js:5)
  (anonymous function) (https://cdn.moengage.com/webpush/moe_webSdk.min.latest.js:5)

  phantomjs://platform/console++.js:263 in error
[ERROR - 2019-02-18T17:22:28.138Z] Session [a52b4b60-33a1-11e9-8a83-4d6479169f2b] - page.onError - msg: ReferenceError: Can't find variable: Promise

  phantomjs://platform/console++.js:263 in error
[ERROR - 2019-02-18T17:22:28.139Z] Session [a52b4b60-33a1-11e9-8a83-4d6479169f2b] - page.onError - stack:
  e (https://cdn.moengage.com/webpush/moe_webSdk.min.latest.js:5)
  (anonymous function) (https://cdn.moengage.com/webpush/moe_webSdk.min.latest.js:5)
  (anonymous function) (https://cdn.moengage.com/webpush/moe_webSdk.min.latest.js:5)
  t (https://cdn.moengage.com/webpush/moe_webSdk.min.latest.js:5)
  (anonymous function) (https://cdn.moengage.com/webpush/moe_webSdk.min.latest.js:5)
  t (https://cdn.moengage.com/webpush/moe_webSdk.min.latest.js:5)
  (anonymous function) (https://cdn.moengage.com/webpush/moe_webSdk.min.latest.js:5)
  t (https://cdn.moengage.com/webpush/moe_webSdk.min.latest.js:5)
  (anonymous function) (https://cdn.moengage.com/webpush/moe_webSdk.min.latest.js:5)

  phantomjs://platform/console++.js:263 in error
[ERROR - 2019-02-18T17:22:37.582Z] WebElementLocator - _handleLocateCommand - Element(s) NOT Found: GAVE UP. Search Stop Time: 1550510557544

  phantomjs://platform/console++.js:263 in error
